[ 2016-07-30T00:06:01+08:00 ] ::1 /git/tp-oauth2-login/src/tp-oauth2-login/
INFO: [ app_init ] --START--
INFO: Run Behavior\BuildLiteBehavior [ RunTime:0.000057s ]
INFO: [ app_init ] --END-- [ RunTime:0.001376s ]
INFO: [ app_begin ] --START--
INFO: Run Behavior\ReadHtmlCacheBehavior [ RunTime:0.002176s ]
INFO: [ app_begin ] --END-- [ RunTime:0.002487s ]
INFO: [ view_parse ] --START--
INFO: Run Behavior\ParseTemplateBehavior [ RunTime:0.001559s ]
INFO: [ view_parse ] --END-- [ RunTime:0.001828s ]
INFO: [ view_filter ] --START--
INFO: Run Behavior\WriteHtmlCacheBehavior [ RunTime:0.001628s ]
INFO: [ view_filter ] --END-- [ RunTime:0.001880s ]
INFO: [ app_end ] --START--
INFO: Run Behavior\ShowPageTraceBehavior [ RunTime:0.002038s ]
INFO: [ app_end ] --END-- [ RunTime:0.002285s ]

[ 2016-07-30T00:07:42+08:00 ] ::1 /git/tp-oauth2-login/src/tp-oauth2-login/index.php/Home/Login/login?client_id=demoapp&client_secret=demopass&redirect_uri=http://localhost/git/tp-login-test/index.php/Home/Index/callback&response_type=code&state=STATE
INFO: [ app_init ] --START--
INFO: Run Behavior\BuildLiteBehavior [ RunTime:0.000058s ]
INFO: [ app_init ] --END-- [ RunTime:0.001361s ]
INFO: [ app_begin ] --START--
INFO: Run Behavior\ReadHtmlCacheBehavior [ RunTime:0.002153s ]
INFO: [ app_begin ] --END-- [ RunTime:0.002441s ]
INFO: [ view_parse ] --START--
INFO: [ template_filter ] --START--
INFO: Run Behavior\ContentReplaceBehavior [ RunTime:0.000235s ]
INFO: [ template_filter ] --END-- [ RunTime:0.000534s ]
INFO: Run Behavior\ParseTemplateBehavior [ RunTime:0.019618s ]
INFO: [ view_parse ] --END-- [ RunTime:0.019910s ]
INFO: [ view_filter ] --START--
INFO: Run Behavior\WriteHtmlCacheBehavior [ RunTime:0.001632s ]
INFO: [ view_filter ] --END-- [ RunTime:0.001881s ]
INFO: [ app_end ] --START--
INFO: Run Behavior\ShowPageTraceBehavior [ RunTime:0.002171s ]
INFO: [ app_end ] --END-- [ RunTime:0.002416s ]

[ 2016-07-30T00:07:51+08:00 ] ::1 /git/tp-oauth2-login/src/tp-oauth2-login/index.php/Home/Login/loging
INFO: [ app_init ] --START--
INFO: Run Behavior\BuildLiteBehavior [ RunTime:0.000088s ]
INFO: [ app_init ] --END-- [ RunTime:0.002184s ]
INFO: [ app_begin ] --START--
INFO: Run Behavior\ReadHtmlCacheBehavior [ RunTime:0.002056s ]
INFO: [ app_begin ] --END-- [ RunTime:0.002312s ]
NOTIC: [8] Undefined variable: TIMEOUT E:\MyWeb\PHP\wamp\www\git\tp-oauth2-login\src\tp-oauth2-login\App\Home\Controller\LoginController.class.php 第 12 行.
SQL: SHOW COLUMNS FROM `user` [ RunTime:0.0394s ]
SQL: SELECT * FROM `user` WHERE `user_account` = '5' AND `user_password` = 'e4da3b7fbbce2345d7772b0674a318d5' LIMIT 1   [ RunTime:0.0391s ]

[ 2016-07-30T00:07:53+08:00 ] ::1 /git/tp-oauth2-login/src/tp-oauth2-login/index.php/Home/OAuth2/authorize
INFO: [ app_init ] --START--
INFO: Run Behavior\BuildLiteBehavior [ RunTime:0.000057s ]
INFO: [ app_init ] --END-- [ RunTime:0.001430s ]
INFO: [ app_begin ] --START--
INFO: Run Behavior\ReadHtmlCacheBehavior [ RunTime:0.002046s ]
INFO: [ app_begin ] --END-- [ RunTime:0.002286s ]
INFO: [ app_end ] --START--
INFO: Run Behavior\ShowPageTraceBehavior [ RunTime:0.002188s ]
INFO: [ app_end ] --END-- [ RunTime:0.002435s ]

[ 2016-07-30T00:15:20+08:00 ] ::1 /git/tp-oauth2-login/src/tp-oauth2-login/index.php/Home/Login/login?client_id=demoapp&client_secret=demopass&redirect_uri=http://localhost/git/tp-login-test/index.php/Home/Index/callback&response_type=code&state=STATE
INFO: [ app_init ] --START--
INFO: Run Behavior\BuildLiteBehavior [ RunTime:0.000057s ]
INFO: [ app_init ] --END-- [ RunTime:0.001334s ]
INFO: [ app_begin ] --START--
INFO: Run Behavior\ReadHtmlCacheBehavior [ RunTime:0.002214s ]
INFO: [ app_begin ] --END-- [ RunTime:0.002489s ]
INFO: [ view_parse ] --START--
INFO: [ template_filter ] --START--
INFO: Run Behavior\ContentReplaceBehavior [ RunTime:0.000232s ]
INFO: [ template_filter ] --END-- [ RunTime:0.000539s ]
INFO: Run Behavior\ParseTemplateBehavior [ RunTime:0.020168s ]
INFO: [ view_parse ] --END-- [ RunTime:0.020449s ]
INFO: [ view_filter ] --START--
INFO: Run Behavior\WriteHtmlCacheBehavior [ RunTime:0.001906s ]
INFO: [ view_filter ] --END-- [ RunTime:0.002161s ]
INFO: [ app_end ] --START--
INFO: Run Behavior\ShowPageTraceBehavior [ RunTime:0.002116s ]
INFO: [ app_end ] --END-- [ RunTime:0.002398s ]

[ 2016-07-30T00:15:21+08:00 ] ::1 /git/tp-oauth2-login/src/tp-oauth2-login/index.php/Home/Login/loging
INFO: [ app_init ] --START--
INFO: Run Behavior\BuildLiteBehavior [ RunTime:0.000094s ]
INFO: [ app_init ] --END-- [ RunTime:0.002256s ]
INFO: [ app_begin ] --START--
INFO: Run Behavior\ReadHtmlCacheBehavior [ RunTime:0.002839s ]
INFO: [ app_begin ] --END-- [ RunTime:0.003293s ]
NOTIC: [8] Undefined variable: TIMEOUT E:\MyWeb\PHP\wamp\www\git\tp-oauth2-login\src\tp-oauth2-login\App\Home\Controller\LoginController.class.php 第 12 行.
SQL: SHOW COLUMNS FROM `user` [ RunTime:0.0385s ]
SQL: SELECT * FROM `user` WHERE `user_account` = '5' AND `user_password` = 'e4da3b7fbbce2345d7772b0674a318d5' LIMIT 1   [ RunTime:0.0375s ]

[ 2016-07-30T00:15:23+08:00 ] ::1 /git/tp-oauth2-login/src/tp-oauth2-login/index.php/Home/OAuth2/authorize
INFO: [ app_init ] --START--
INFO: Run Behavior\BuildLiteBehavior [ RunTime:0.000081s ]
INFO: [ app_init ] --END-- [ RunTime:0.001443s ]
INFO: [ app_begin ] --START--
INFO: Run Behavior\ReadHtmlCacheBehavior [ RunTime:0.002196s ]
INFO: [ app_begin ] --END-- [ RunTime:0.002483s ]
INFO: [ app_end ] --START--
INFO: Run Behavior\ShowPageTraceBehavior [ RunTime:0.002174s ]
INFO: [ app_end ] --END-- [ RunTime:0.002438s ]

[ 2016-07-30T00:17:21+08:00 ] ::1 /git/tp-oauth2-login/src/tp-oauth2-login/index.php/Home/Login/login?client_id=demoapp&client_secret=demopass&redirect_uri=http://localhost/git/tp-oauth2-login/test/tp-login-test/index.php/Home/Index/callback&response_type=code&state=STATE
INFO: [ app_init ] --START--
INFO: Run Behavior\BuildLiteBehavior [ RunTime:0.000087s ]
INFO: [ app_init ] --END-- [ RunTime:0.002245s ]
INFO: [ app_begin ] --START--
INFO: Run Behavior\ReadHtmlCacheBehavior [ RunTime:0.003049s ]
INFO: [ app_begin ] --END-- [ RunTime:0.003427s ]
INFO: [ view_parse ] --START--
INFO: [ template_filter ] --START--
INFO: Run Behavior\ContentReplaceBehavior [ RunTime:0.000368s ]
INFO: [ template_filter ] --END-- [ RunTime:0.000831s ]
INFO: Run Behavior\ParseTemplateBehavior [ RunTime:0.027940s ]
INFO: [ view_parse ] --END-- [ RunTime:0.028308s ]
INFO: [ view_filter ] --START--
INFO: Run Behavior\WriteHtmlCacheBehavior [ RunTime:0.002369s ]
INFO: [ view_filter ] --END-- [ RunTime:0.002769s ]
INFO: [ app_end ] --START--
INFO: Run Behavior\ShowPageTraceBehavior [ RunTime:0.002737s ]
INFO: [ app_end ] --END-- [ RunTime:0.003119s ]

[ 2016-07-30T00:17:22+08:00 ] ::1 /git/tp-oauth2-login/src/tp-oauth2-login/index.php/Home/Login/loging
INFO: [ app_init ] --START--
INFO: Run Behavior\BuildLiteBehavior [ RunTime:0.000090s ]
INFO: [ app_init ] --END-- [ RunTime:0.002255s ]
INFO: [ app_begin ] --START--
INFO: Run Behavior\ReadHtmlCacheBehavior [ RunTime:0.002708s ]
INFO: [ app_begin ] --END-- [ RunTime:0.003139s ]
NOTIC: [8] Undefined variable: TIMEOUT E:\MyWeb\PHP\wamp\www\git\tp-oauth2-login\src\tp-oauth2-login\App\Home\Controller\LoginController.class.php 第 12 行.
SQL: SHOW COLUMNS FROM `user` [ RunTime:0.0369s ]
SQL: SELECT * FROM `user` WHERE `user_account` = '5' AND `user_password` = 'e4da3b7fbbce2345d7772b0674a318d5' LIMIT 1   [ RunTime:0.0373s ]

[ 2016-07-30T00:17:24+08:00 ] ::1 /git/tp-oauth2-login/src/tp-oauth2-login/index.php/Home/OAuth2/authorize
INFO: [ app_init ] --START--
INFO: Run Behavior\BuildLiteBehavior [ RunTime:0.000087s ]
INFO: [ app_init ] --END-- [ RunTime:0.001924s ]
INFO: [ app_begin ] --START--
INFO: Run Behavior\ReadHtmlCacheBehavior [ RunTime:0.002516s ]
INFO: [ app_begin ] --END-- [ RunTime:0.002898s ]

[ 2016-07-30T00:17:45+08:00 ] ::1 /git/tp-oauth2-login/src/tp-oauth2-login/index.php/Home/Login/loging
INFO: [ app_init ] --START--
INFO: Run Behavior\BuildLiteBehavior [ RunTime:0.000058s ]
INFO: [ app_init ] --END-- [ RunTime:0.001533s ]
INFO: [ app_begin ] --START--
INFO: Run Behavior\ReadHtmlCacheBehavior [ RunTime:0.002791s ]
INFO: [ app_begin ] --END-- [ RunTime:0.003203s ]
NOTIC: [8] Undefined variable: TIMEOUT E:\MyWeb\PHP\wamp\www\git\tp-oauth2-login\src\tp-oauth2-login\App\Home\Controller\LoginController.class.php 第 12 行.
SQL: SHOW COLUMNS FROM `user` [ RunTime:0.0381s ]
SQL: SELECT * FROM `user` WHERE `user_account` = '5' AND `user_password` = 'e4da3b7fbbce2345d7772b0674a318d5' LIMIT 1   [ RunTime:0.0368s ]

[ 2016-07-30T00:17:47+08:00 ] ::1 /git/tp-oauth2-login/src/tp-oauth2-login/index.php/Home/OAuth2/authorize
INFO: [ app_init ] --START--
INFO: Run Behavior\BuildLiteBehavior [ RunTime:0.000087s ]
INFO: [ app_init ] --END-- [ RunTime:0.002229s ]
INFO: [ app_begin ] --START--
INFO: Run Behavior\ReadHtmlCacheBehavior [ RunTime:0.002930s ]
INFO: [ app_begin ] --END-- [ RunTime:0.003360s ]

[ 2016-07-30T00:18:35+08:00 ] ::1 /git/tp-oauth2-login/src/tp-oauth2-login/index.php/Home/Login/loging
INFO: [ app_init ] --START--
INFO: Run Behavior\BuildLiteBehavior [ RunTime:0.000344s ]
INFO: [ app_init ] --END-- [ RunTime:0.001799s ]
INFO: [ app_begin ] --START--
INFO: Run Behavior\ReadHtmlCacheBehavior [ RunTime:0.003201s ]
INFO: [ app_begin ] --END-- [ RunTime:0.003498s ]
NOTIC: [8] Undefined variable: TIMEOUT E:\MyWeb\PHP\wamp\www\git\tp-oauth2-login\src\tp-oauth2-login\App\Home\Controller\LoginController.class.php 第 12 行.
SQL: SHOW COLUMNS FROM `user` [ RunTime:0.0370s ]
SQL: SELECT * FROM `user` WHERE `user_account` = '5' AND `user_password` = 'e4da3b7fbbce2345d7772b0674a318d5' LIMIT 1   [ RunTime:0.0374s ]

[ 2016-07-30T00:18:37+08:00 ] ::1 /git/tp-oauth2-login/src/tp-oauth2-login/index.php/Home/OAuth2/authorize
INFO: [ app_init ] --START--
INFO: Run Behavior\BuildLiteBehavior [ RunTime:0.000056s ]
INFO: [ app_init ] --END-- [ RunTime:0.001342s ]
INFO: [ app_begin ] --START--
INFO: Run Behavior\ReadHtmlCacheBehavior [ RunTime:0.001745s ]
INFO: [ app_begin ] --END-- [ RunTime:0.001964s ]
INFO: [ app_end ] --START--
INFO: Run Behavior\ShowPageTraceBehavior [ RunTime:0.002132s ]
INFO: [ app_end ] --END-- [ RunTime:0.002417s ]

[ 2016-07-30T00:18:38+08:00 ] ::1 /git/tp-oauth2-login/src/tp-oauth2-login/index.php/Home/OAuth2/token
INFO: [ app_init ] --START--
INFO: Run Behavior\BuildLiteBehavior [ RunTime:0.000088s ]
INFO: [ app_init ] --END-- [ RunTime:0.001901s ]
INFO: [ app_begin ] --START--
INFO: Run Behavior\ReadHtmlCacheBehavior [ RunTime:0.003310s ]
INFO: [ app_begin ] --END-- [ RunTime:0.003674s ]
INFO: [ app_end ] --START--
INFO: Run Behavior\ShowPageTraceBehavior [ RunTime:0.002121s ]
INFO: [ app_end ] --END-- [ RunTime:0.002385s ]

[ 2016-07-30T00:18:38+08:00 ] ::1 /git/tp-oauth2-login/src/tp-oauth2-login/index.php/Home/OAuth2/info
INFO: [ app_init ] --START--
INFO: Run Behavior\BuildLiteBehavior [ RunTime:0.000062s ]
INFO: [ app_init ] --END-- [ RunTime:0.001509s ]
INFO: [ app_begin ] --START--
INFO: Run Behavior\ReadHtmlCacheBehavior [ RunTime:0.001902s ]
INFO: [ app_begin ] --END-- [ RunTime:0.002162s ]
SQL: SHOW COLUMNS FROM `user` [ RunTime:0.0369s ]
SQL: SELECT * FROM `user` WHERE `user_id` = 1 LIMIT 1   [ RunTime:0.0366s ]
INFO: [ app_end ] --START--
INFO: Run Behavior\ShowPageTraceBehavior [ RunTime:0.002064s ]
INFO: [ app_end ] --END-- [ RunTime:0.002302s ]

[ 2016-07-30T00:18:42+08:00 ] ::1 /git/tp-oauth2-login/src/tp-oauth2-login/index.php/Home/Login/login?client_id=demoapp&client_secret=demopass&redirect_uri=http://localhost/git/tp-oauth2-login/test/tp-login-test/index.php/Home/Index/callback&response_type=code&state=STATE
INFO: [ app_init ] --START--
INFO: Run Behavior\BuildLiteBehavior [ RunTime:0.000061s ]
INFO: [ app_init ] --END-- [ RunTime:0.001510s ]
INFO: [ app_begin ] --START--
INFO: Run Behavior\ReadHtmlCacheBehavior [ RunTime:0.002507s ]
INFO: [ app_begin ] --END-- [ RunTime:0.002915s ]
INFO: [ view_parse ] --START--
INFO: [ template_filter ] --START--
INFO: Run Behavior\ContentReplaceBehavior [ RunTime:0.000238s ]
INFO: [ template_filter ] --END-- [ RunTime:0.000565s ]
INFO: Run Behavior\ParseTemplateBehavior [ RunTime:0.025061s ]
INFO: [ view_parse ] --END-- [ RunTime:0.025449s ]
INFO: [ view_filter ] --START--
INFO: Run Behavior\WriteHtmlCacheBehavior [ RunTime:0.001902s ]
INFO: [ view_filter ] --END-- [ RunTime:0.002299s ]
INFO: [ app_end ] --START--
INFO: Run Behavior\ShowPageTraceBehavior [ RunTime:0.002200s ]
INFO: [ app_end ] --END-- [ RunTime:0.002542s ]

[ 2016-07-30T00:24:20+08:00 ] ::1 /git/tp-oauth2-login/src/tp-oauth2-login/index.php/Home/Login/login?client_id=demoapp&client_secret=demopass&redirect_uri=http://localhost/git/tp-oauth2-login/test/tp-login-test/index.php/Home/Index/callback&response_type=code&state=STATE
INFO: [ app_init ] --START--
INFO: Run Behavior\BuildLiteBehavior [ RunTime:0.000057s ]
INFO: [ app_init ] --END-- [ RunTime:0.001398s ]
INFO: [ app_begin ] --START--
INFO: Run Behavior\ReadHtmlCacheBehavior [ RunTime:0.002098s ]
INFO: [ app_begin ] --END-- [ RunTime:0.002380s ]
INFO: [ view_parse ] --START--
INFO: [ template_filter ] --START--
INFO: Run Behavior\ContentReplaceBehavior [ RunTime:0.000363s ]
INFO: [ template_filter ] --END-- [ RunTime:0.000837s ]
INFO: Run Behavior\ParseTemplateBehavior [ RunTime:0.025506s ]
INFO: [ view_parse ] --END-- [ RunTime:0.025904s ]
INFO: [ view_filter ] --START--
INFO: Run Behavior\WriteHtmlCacheBehavior [ RunTime:0.002347s ]
INFO: [ view_filter ] --END-- [ RunTime:0.002762s ]
INFO: [ app_end ] --START--
INFO: Run Behavior\ShowPageTraceBehavior [ RunTime:0.003245s ]
INFO: [ app_end ] --END-- [ RunTime:0.003661s ]

[ 2016-07-30T00:24:22+08:00 ] ::1 /git/tp-oauth2-login/src/tp-oauth2-login/index.php/Home/Login/loging
INFO: [ app_init ] --START--
INFO: Run Behavior\BuildLiteBehavior [ RunTime:0.000071s ]
INFO: [ app_init ] --END-- [ RunTime:0.001482s ]
INFO: [ app_begin ] --START--
INFO: Run Behavior\ReadHtmlCacheBehavior [ RunTime:0.001933s ]
INFO: [ app_begin ] --END-- [ RunTime:0.002213s ]
NOTIC: [8] Undefined variable: TIMEOUT E:\MyWeb\PHP\wamp\www\git\tp-oauth2-login\src\tp-oauth2-login\App\Home\Controller\LoginController.class.php 第 12 行.
SQL: SHOW COLUMNS FROM `user` [ RunTime:0.0416s ]
SQL: SELECT * FROM `user` WHERE `user_account` = '5' AND `user_password` = 'e4da3b7fbbce2345d7772b0674a318d5' LIMIT 1   [ RunTime:0.0413s ]

[ 2016-07-30T00:24:25+08:00 ] ::1 /git/tp-oauth2-login/src/tp-oauth2-login/index.php/Home/OAuth2/authorize
INFO: [ app_init ] --START--
INFO: Run Behavior\BuildLiteBehavior [ RunTime:0.000054s ]
INFO: [ app_init ] --END-- [ RunTime:0.001269s ]
INFO: [ app_begin ] --START--
INFO: Run Behavior\ReadHtmlCacheBehavior [ RunTime:0.001678s ]
INFO: [ app_begin ] --END-- [ RunTime:0.001907s ]
INFO: [ app_end ] --START--
INFO: Run Behavior\ShowPageTraceBehavior [ RunTime:0.001985s ]
INFO: [ app_end ] --END-- [ RunTime:0.002234s ]

[ 2016-07-30T00:24:25+08:00 ] ::1 /git/tp-oauth2-login/src/tp-oauth2-login/index.php/Home/OAuth2/token
INFO: [ app_init ] --START--
INFO: Run Behavior\BuildLiteBehavior [ RunTime:0.000130s ]
INFO: [ app_init ] --END-- [ RunTime:0.003592s ]
INFO: [ app_begin ] --START--
INFO: Run Behavior\ReadHtmlCacheBehavior [ RunTime:0.001738s ]
INFO: [ app_begin ] --END-- [ RunTime:0.001984s ]
INFO: [ app_end ] --START--
INFO: Run Behavior\ShowPageTraceBehavior [ RunTime:0.002219s ]
INFO: [ app_end ] --END-- [ RunTime:0.002485s ]

[ 2016-07-30T00:24:26+08:00 ] ::1 /git/tp-oauth2-login/src/tp-oauth2-login/index.php/Home/OAuth2/info
INFO: [ app_init ] --START--
INFO: Run Behavior\BuildLiteBehavior [ RunTime:0.000079s ]
INFO: [ app_init ] --END-- [ RunTime:0.001596s ]
INFO: [ app_begin ] --START--
INFO: Run Behavior\ReadHtmlCacheBehavior [ RunTime:0.001905s ]
INFO: [ app_begin ] --END-- [ RunTime:0.002202s ]
SQL: SHOW COLUMNS FROM `user` [ RunTime:0.0419s ]
SQL: SELECT * FROM `user` WHERE `user_id` = 1 LIMIT 1   [ RunTime:0.0423s ]
INFO: [ app_end ] --START--
INFO: Run Behavior\ShowPageTraceBehavior [ RunTime:0.002202s ]
INFO: [ app_end ] --END-- [ RunTime:0.002435s ]

[ 2016-07-30T00:24:29+08:00 ] ::1 /git/tp-oauth2-login/src/tp-oauth2-login/index.php/Home/Login/login?client_id=demoapp&client_secret=demopass&redirect_uri=http://localhost/git/tp-oauth2-login/test/tp-login-test/index.php/Home/Index/callback&response_type=code&state=STATE
INFO: [ app_init ] --START--
INFO: Run Behavior\BuildLiteBehavior [ RunTime:0.000060s ]
INFO: [ app_init ] --END-- [ RunTime:0.001764s ]
INFO: [ app_begin ] --START--
INFO: Run Behavior\ReadHtmlCacheBehavior [ RunTime:0.002597s ]
INFO: [ app_begin ] --END-- [ RunTime:0.002964s ]
INFO: [ view_parse ] --START--
INFO: [ template_filter ] --START--
INFO: Run Behavior\ContentReplaceBehavior [ RunTime:0.000389s ]
INFO: [ template_filter ] --END-- [ RunTime:0.000830s ]
INFO: Run Behavior\ParseTemplateBehavior [ RunTime:0.028170s ]
INFO: [ view_parse ] --END-- [ RunTime:0.028616s ]
INFO: [ view_filter ] --START--
INFO: Run Behavior\WriteHtmlCacheBehavior [ RunTime:0.002588s ]
INFO: [ view_filter ] --END-- [ RunTime:0.002979s ]
INFO: [ app_end ] --START--
INFO: Run Behavior\ShowPageTraceBehavior [ RunTime:0.003186s ]
INFO: [ app_end ] --END-- [ RunTime:0.003615s ]

[ 2016-07-30T00:34:26+08:00 ] ::1 /git/tp-oauth2-login/src/tp-oauth2-login/index.php/Home/Login/login?client_id=demoapp&client_secret=demopass&redirect_uri=http://localhost/git/tp-oauth2-login/test/tp-login-test/index.php/Home/Index/callback&response_type=code&state=STATE
INFO: [ app_init ] --START--
INFO: Run Behavior\BuildLiteBehavior [ RunTime:0.000055s ]
INFO: [ app_init ] --END-- [ RunTime:0.001359s ]
INFO: [ app_begin ] --START--
INFO: Run Behavior\ReadHtmlCacheBehavior [ RunTime:0.002379s ]
INFO: [ app_begin ] --END-- [ RunTime:0.002756s ]
INFO: [ view_parse ] --START--
INFO: [ template_filter ] --START--
INFO: Run Behavior\ContentReplaceBehavior [ RunTime:0.000268s ]
INFO: [ template_filter ] --END-- [ RunTime:0.000648s ]
INFO: Run Behavior\ParseTemplateBehavior [ RunTime:0.020441s ]
INFO: [ view_parse ] --END-- [ RunTime:0.020817s ]
INFO: [ view_filter ] --START--
INFO: Run Behavior\WriteHtmlCacheBehavior [ RunTime:0.001423s ]
INFO: [ view_filter ] --END-- [ RunTime:0.001764s ]
INFO: [ app_end ] --START--
INFO: Run Behavior\ShowPageTraceBehavior [ RunTime:0.002867s ]
INFO: [ app_end ] --END-- [ RunTime:0.003258s ]

[ 2016-07-30T00:34:29+08:00 ] ::1 /git/tp-oauth2-login/src/tp-oauth2-login/index.php/Home/Login/loging
INFO: [ app_init ] --START--
INFO: Run Behavior\BuildLiteBehavior [ RunTime:0.000063s ]
INFO: [ app_init ] --END-- [ RunTime:0.001750s ]
INFO: [ app_begin ] --START--
INFO: Run Behavior\ReadHtmlCacheBehavior [ RunTime:0.002546s ]
INFO: [ app_begin ] --END-- [ RunTime:0.002827s ]
NOTIC: [8] Undefined variable: TIMEOUT E:\MyWeb\PHP\wamp\www\git\tp-oauth2-login\src\tp-oauth2-login\App\Home\Controller\LoginController.class.php 第 12 行.
SQL: SHOW COLUMNS FROM `user` [ RunTime:0.0419s ]
SQL: SELECT * FROM `user` WHERE `user_account` = '5' AND `user_password` = 'e4da3b7fbbce2345d7772b0674a318d5' LIMIT 1   [ RunTime:0.0406s ]

[ 2016-07-30T00:34:31+08:00 ] ::1 /git/tp-oauth2-login/src/tp-oauth2-login/index.php/Home/OAuth2/authorize
INFO: [ app_init ] --START--
INFO: Run Behavior\BuildLiteBehavior [ RunTime:0.000055s ]
INFO: [ app_init ] --END-- [ RunTime:0.001337s ]
INFO: [ app_begin ] --START--
INFO: Run Behavior\ReadHtmlCacheBehavior [ RunTime:0.002612s ]
INFO: [ app_begin ] --END-- [ RunTime:0.002866s ]
INFO: [ app_end ] --START--
INFO: Run Behavior\ShowPageTraceBehavior [ RunTime:0.002332s ]
INFO: [ app_end ] --END-- [ RunTime:0.002580s ]

[ 2016-07-30T00:34:32+08:00 ] ::1 /git/tp-oauth2-login/src/tp-oauth2-login/index.php/Home/OAuth2/token
INFO: [ app_init ] --START--
INFO: Run Behavior\BuildLiteBehavior [ RunTime:0.000055s ]
INFO: [ app_init ] --END-- [ RunTime:0.001420s ]
INFO: [ app_begin ] --START--
INFO: Run Behavior\ReadHtmlCacheBehavior [ RunTime:0.002611s ]
INFO: [ app_begin ] --END-- [ RunTime:0.002895s ]
INFO: [ app_end ] --START--
INFO: Run Behavior\ShowPageTraceBehavior [ RunTime:0.002907s ]
INFO: [ app_end ] --END-- [ RunTime:0.003238s ]

[ 2016-07-30T00:34:33+08:00 ] ::1 /git/tp-oauth2-login/src/tp-oauth2-login/index.php/Home/OAuth2/info
INFO: [ app_init ] --START--
INFO: Run Behavior\BuildLiteBehavior [ RunTime:0.000055s ]
INFO: [ app_init ] --END-- [ RunTime:0.001296s ]
INFO: [ app_begin ] --START--
INFO: Run Behavior\ReadHtmlCacheBehavior [ RunTime:0.002029s ]
INFO: [ app_begin ] --END-- [ RunTime:0.002280s ]
SQL: SHOW COLUMNS FROM `user` [ RunTime:0.0409s ]
SQL: SELECT * FROM `user` WHERE `user_id` = 1 LIMIT 1   [ RunTime:0.0406s ]
INFO: [ app_end ] --START--
INFO: Run Behavior\ShowPageTraceBehavior [ RunTime:0.002474s ]
INFO: [ app_end ] --END-- [ RunTime:0.002710s ]

[ 2016-07-30T00:41:46+08:00 ] ::1 /git/tp-oauth2-login/src/tp-oauth2-login/index.php/Home/Login/login?client_id=demoapp&client_secret=demopass&redirect_uri=http://localhost/git/tp-oauth2-login/test/tp-login-test/index.php/Home/Index/callback&response_type=code&state=STATE
INFO: [ app_init ] --START--
INFO: Run Behavior\BuildLiteBehavior [ RunTime:0.000060s ]
INFO: [ app_init ] --END-- [ RunTime:0.001461s ]
INFO: [ app_begin ] --START--
INFO: Run Behavior\ReadHtmlCacheBehavior [ RunTime:0.002124s ]
INFO: [ app_begin ] --END-- [ RunTime:0.002405s ]
INFO: [ view_parse ] --START--
INFO: [ template_filter ] --START--
INFO: Run Behavior\ContentReplaceBehavior [ RunTime:0.000238s ]
INFO: [ template_filter ] --END-- [ RunTime:0.000548s ]
INFO: Run Behavior\ParseTemplateBehavior [ RunTime:0.020249s ]
INFO: [ view_parse ] --END-- [ RunTime:0.020535s ]
INFO: [ view_filter ] --START--
INFO: Run Behavior\WriteHtmlCacheBehavior [ RunTime:0.001621s ]
INFO: [ view_filter ] --END-- [ RunTime:0.001883s ]
INFO: [ app_end ] --START--
INFO: Run Behavior\ShowPageTraceBehavior [ RunTime:0.002205s ]
INFO: [ app_end ] --END-- [ RunTime:0.002457s ]

[ 2016-07-30T00:41:48+08:00 ] ::1 /git/tp-oauth2-login/src/tp-oauth2-login/index.php/Home/Login/loging
INFO: [ app_init ] --START--
INFO: Run Behavior\BuildLiteBehavior [ RunTime:0.000092s ]
INFO: [ app_init ] --END-- [ RunTime:0.002049s ]
INFO: [ app_begin ] --START--
INFO: Run Behavior\ReadHtmlCacheBehavior [ RunTime:0.002275s ]
INFO: [ app_begin ] --END-- [ RunTime:0.002518s ]
NOTIC: [8] Undefined variable: TIMEOUT E:\MyWeb\PHP\wamp\www\git\tp-oauth2-login\src\tp-oauth2-login\App\Home\Controller\LoginController.class.php 第 12 行.
SQL: SHOW COLUMNS FROM `user` [ RunTime:0.0419s ]
SQL: SELECT * FROM `user` WHERE `user_account` = '5' AND `user_password` = 'e4da3b7fbbce2345d7772b0674a318d5' LIMIT 1   [ RunTime:0.0414s ]

[ 2016-07-30T00:43:34+08:00 ] ::1 /git/tp-oauth2-login/src/tp-oauth2-login/index.php/Home/Login/login?client_id=demoapp&client_secret=demopass&redirect_uri=http://localhost/git/tp-oauth2-login/test/tp-login-test/index.php/Home/Index/callback&response_type=code&state=STATE
INFO: [ app_init ] --START--
INFO: Run Behavior\BuildLiteBehavior [ RunTime:0.000059s ]
INFO: [ app_init ] --END-- [ RunTime:0.001959s ]
INFO: [ app_begin ] --START--
INFO: Run Behavior\ReadHtmlCacheBehavior [ RunTime:0.002484s ]
INFO: [ app_begin ] --END-- [ RunTime:0.002869s ]
INFO: [ view_parse ] --START--
INFO: [ template_filter ] --START--
INFO: Run Behavior\ContentReplaceBehavior [ RunTime:0.000235s ]
INFO: [ template_filter ] --END-- [ RunTime:0.000538s ]
INFO: Run Behavior\ParseTemplateBehavior [ RunTime:0.025365s ]
INFO: [ view_parse ] --END-- [ RunTime:0.025804s ]
INFO: [ view_filter ] --START--
INFO: Run Behavior\WriteHtmlCacheBehavior [ RunTime:0.002088s ]
INFO: [ view_filter ] --END-- [ RunTime:0.002425s ]
INFO: [ app_end ] --START--
INFO: Run Behavior\ShowPageTraceBehavior [ RunTime:0.002242s ]
INFO: [ app_end ] --END-- [ RunTime:0.002493s ]

[ 2016-07-30T00:43:42+08:00 ] ::1 /git/tp-oauth2-login/src/tp-oauth2-login/index.php/Home/Register/registing
INFO: [ app_init ] --START--
INFO: Run Behavior\BuildLiteBehavior [ RunTime:0.000085s ]
INFO: [ app_init ] --END-- [ RunTime:0.002232s ]
INFO: [ app_begin ] --START--
INFO: Run Behavior\ReadHtmlCacheBehavior [ RunTime:0.003520s ]
INFO: [ app_begin ] --END-- [ RunTime:0.003932s ]
NOTIC: [8] Undefined variable: TIMEOUT E:\MyWeb\PHP\wamp\www\git\tp-oauth2-login\src\tp-oauth2-login\App\Home\Controller\RegisterController.class.php 第 8 行.
SQL: SHOW COLUMNS FROM `user` [ RunTime:0.0412s ]
SQL: SELECT * FROM `user` WHERE `user_account` = '5' LIMIT 1   [ RunTime:0.0411s ]
SQL: SELECT * FROM `user` WHERE `user_email` = '396679132@qq.com' LIMIT 1   [ RunTime:0.0407s ]
SQL: INSERT INTO `user` (`user_account`,`user_password`,`user_email`) VALUES ('5','e4da3b7fbbce2345d7772b0674a318d5','396679132@qq.com') [ RunTime:0.0482s ]

[ 2016-07-30T00:43:53+08:00 ] ::1 /git/tp-oauth2-login/src/tp-oauth2-login/index.php/Home/Login/loging
INFO: [ app_init ] --START--
INFO: Run Behavior\BuildLiteBehavior [ RunTime:0.000086s ]
INFO: [ app_init ] --END-- [ RunTime:0.002071s ]
INFO: [ app_begin ] --START--
INFO: Run Behavior\ReadHtmlCacheBehavior [ RunTime:0.002363s ]
INFO: [ app_begin ] --END-- [ RunTime:0.002700s ]
NOTIC: [8] Undefined variable: TIMEOUT E:\MyWeb\PHP\wamp\www\git\tp-oauth2-login\src\tp-oauth2-login\App\Home\Controller\LoginController.class.php 第 12 行.
SQL: SHOW COLUMNS FROM `user` [ RunTime:0.0411s ]
SQL: SELECT * FROM `user` WHERE `user_account` = '5' AND `user_password` = 'e4da3b7fbbce2345d7772b0674a318d5' LIMIT 1   [ RunTime:0.0410s ]

[ 2016-07-30T00:43:55+08:00 ] ::1 /git/tp-oauth2-login/src/tp-oauth2-login/index.php/Home/OAuth2/authorize
INFO: [ app_init ] --START--
INFO: Run Behavior\BuildLiteBehavior [ RunTime:0.000092s ]
INFO: [ app_init ] --END-- [ RunTime:0.002106s ]
INFO: [ app_begin ] --START--
INFO: Run Behavior\ReadHtmlCacheBehavior [ RunTime:0.003676s ]
INFO: [ app_begin ] --END-- [ RunTime:0.004080s ]
INFO: [ app_end ] --START--
INFO: Run Behavior\ShowPageTraceBehavior [ RunTime:0.002335s ]
INFO: [ app_end ] --END-- [ RunTime:0.002662s ]

[ 2016-07-30T00:43:56+08:00 ] ::1 /git/tp-oauth2-login/src/tp-oauth2-login/index.php/Home/OAuth2/token
INFO: [ app_init ] --START--
INFO: Run Behavior\BuildLiteBehavior [ RunTime:0.000059s ]
INFO: [ app_init ] --END-- [ RunTime:0.001483s ]
INFO: [ app_begin ] --START--
INFO: Run Behavior\ReadHtmlCacheBehavior [ RunTime:0.002081s ]
INFO: [ app_begin ] --END-- [ RunTime:0.002340s ]
INFO: [ app_end ] --START--
INFO: Run Behavior\ShowPageTraceBehavior [ RunTime:0.004080s ]
INFO: [ app_end ] --END-- [ RunTime:0.004441s ]

[ 2016-07-30T00:43:57+08:00 ] ::1 /git/tp-oauth2-login/src/tp-oauth2-login/index.php/Home/OAuth2/info
INFO: [ app_init ] --START--
INFO: Run Behavior\BuildLiteBehavior [ RunTime:0.000057s ]
INFO: [ app_init ] --END-- [ RunTime:0.001410s ]
INFO: [ app_begin ] --START--
INFO: Run Behavior\ReadHtmlCacheBehavior [ RunTime:0.002004s ]
INFO: [ app_begin ] --END-- [ RunTime:0.002245s ]
SQL: SHOW COLUMNS FROM `user` [ RunTime:0.0418s ]
SQL: SELECT * FROM `user` WHERE `user_id` = 11 LIMIT 1   [ RunTime:0.0411s ]
INFO: [ app_end ] --START--
INFO: Run Behavior\ShowPageTraceBehavior [ RunTime:0.002577s ]
INFO: [ app_end ] --END-- [ RunTime:0.002822s ]

[ 2016-07-30T00:44:01+08:00 ] ::1 /git/tp-oauth2-login/src/tp-oauth2-login/index.php/Home/Login/login?client_id=demoapp&client_secret=demopass&redirect_uri=http://localhost/git/tp-oauth2-login/test/tp-login-test/index.php/Home/Index/callback&response_type=code&state=STATE
INFO: [ app_init ] --START--
INFO: Run Behavior\BuildLiteBehavior [ RunTime:0.000062s ]
INFO: [ app_init ] --END-- [ RunTime:0.001640s ]
INFO: [ app_begin ] --START--
INFO: Run Behavior\ReadHtmlCacheBehavior [ RunTime:0.002085s ]
INFO: [ app_begin ] --END-- [ RunTime:0.002354s ]
INFO: [ view_parse ] --START--
INFO: [ template_filter ] --START--
INFO: Run Behavior\ContentReplaceBehavior [ RunTime:0.000238s ]
INFO: [ template_filter ] --END-- [ RunTime:0.000595s ]
INFO: Run Behavior\ParseTemplateBehavior [ RunTime:0.021633s ]
INFO: [ view_parse ] --END-- [ RunTime:0.021945s ]
INFO: [ view_filter ] --START--
INFO: Run Behavior\WriteHtmlCacheBehavior [ RunTime:0.001857s ]
INFO: [ view_filter ] --END-- [ RunTime:0.002112s ]
INFO: [ app_end ] --START--
INFO: Run Behavior\ShowPageTraceBehavior [ RunTime:0.002445s ]
INFO: [ app_end ] --END-- [ RunTime:0.002719s ]

[ 2016-07-30T01:02:11+08:00 ] ::1 /git/tp-oauth2-login/src/tp-oauth2-login/index.php/Home/Login/login?client_id=demoapp&client_secret=demopass&redirect_uri=http://localhost/git/tp-oauth2-login/test/tp-login-test/index.php/Home/Index/callback&response_type=code&state=STATE
INFO: [ app_init ] --START--
INFO: Run Behavior\BuildLiteBehavior [ RunTime:0.000085s ]
INFO: [ app_init ] --END-- [ RunTime:0.001993s ]
INFO: [ app_begin ] --START--
INFO: Run Behavior\ReadHtmlCacheBehavior [ RunTime:0.002781s ]
INFO: [ app_begin ] --END-- [ RunTime:0.003139s ]
INFO: [ view_parse ] --START--
INFO: [ template_filter ] --START--
INFO: Run Behavior\ContentReplaceBehavior [ RunTime:0.000236s ]
INFO: [ template_filter ] --END-- [ RunTime:0.000571s ]
INFO: Run Behavior\ParseTemplateBehavior [ RunTime:0.028893s ]
INFO: [ view_parse ] --END-- [ RunTime:0.029316s ]
INFO: [ view_filter ] --START--
INFO: Run Behavior\WriteHtmlCacheBehavior [ RunTime:0.002592s ]
INFO: [ view_filter ] --END-- [ RunTime:0.003008s ]
INFO: [ app_end ] --START--
INFO: Run Behavior\ShowPageTraceBehavior [ RunTime:0.003417s ]
INFO: [ app_end ] --END-- [ RunTime:0.003828s ]

[ 2016-07-30T01:02:14+08:00 ] ::1 /git/tp-oauth2-login/src/tp-oauth2-login/index.php/Home/Login/loging
INFO: [ app_init ] --START--
INFO: Run Behavior\BuildLiteBehavior [ RunTime:0.000091s ]
INFO: [ app_init ] --END-- [ RunTime:0.001940s ]
INFO: [ app_begin ] --START--
INFO: Run Behavior\ReadHtmlCacheBehavior [ RunTime:0.002462s ]
INFO: [ app_begin ] --END-- [ RunTime:0.002778s ]
NOTIC: [8] Undefined variable: TIMEOUT E:\MyWeb\PHP\wamp\www\git\tp-oauth2-login\src\tp-oauth2-login\App\Home\Controller\LoginController.class.php 第 12 行.
ERR: SQLSTATE[28000] [1045] Access denied for user 'root'@'localhost' (using password: YES)

[ 2016-07-30T01:02:16+08:00 ] ::1 /git/tp-oauth2-login/src/tp-oauth2-login/index.php/Home/Login/login?client_id=demoapp&client_secret=demopass&redirect_uri=http://localhost/git/tp-oauth2-login/test/tp-login-test/index.php/Home/Index/callback&response_type=code&state=STATE
INFO: [ app_init ] --START--
INFO: Run Behavior\BuildLiteBehavior [ RunTime:0.000055s ]
INFO: [ app_init ] --END-- [ RunTime:0.001358s ]
INFO: [ app_begin ] --START--
INFO: Run Behavior\ReadHtmlCacheBehavior [ RunTime:0.003831s ]
INFO: [ app_begin ] --END-- [ RunTime:0.004324s ]
INFO: [ view_parse ] --START--
INFO: [ template_filter ] --START--
INFO: Run Behavior\ContentReplaceBehavior [ RunTime:0.000305s ]
INFO: [ template_filter ] --END-- [ RunTime:0.000720s ]
INFO: Run Behavior\ParseTemplateBehavior [ RunTime:0.026855s ]
INFO: [ view_parse ] --END-- [ RunTime:0.027264s ]
INFO: [ view_filter ] --START--
INFO: Run Behavior\WriteHtmlCacheBehavior [ RunTime:0.002400s ]
INFO: [ view_filter ] --END-- [ RunTime:0.002830s ]
INFO: [ app_end ] --START--
INFO: Run Behavior\ShowPageTraceBehavior [ RunTime:0.002738s ]
INFO: [ app_end ] --END-- [ RunTime:0.003010s ]

